Determining if the pthread_create exist failed with the following output:
Change Dir: /fs03/share/users/jeremie.kahan/home/Bureau/s5_g7_briand_guy_kahan_martinez/Progression_Jeremie_Kahan/Projet_de_Majeure/moveit_HIL/build/CMakeFiles/CMakeTmp

Run Build Command:"/usr/bin/make" "cmTC_ba743/fast"
/usr/bin/make -f CMakeFiles/cmTC_ba743.dir/build.make CMakeFiles/cmTC_ba743.dir/build
make[1] : on entre dans le répertoire « /fs03/share/users/jeremie.kahan/home/Bureau/s5_g7_briand_guy_kahan_martinez/Progression_Jeremie_Kahan/Projet_de_Majeure/moveit_HIL/build/CMakeFiles/CMakeTmp »
Building C object CMakeFiles/cmTC_ba743.dir/CheckSymbolExists.c.o
/usr/bin/cc    -o CMakeFiles/cmTC_ba743.dir/CheckSymbolExists.c.o   -c /fs03/share/users/jeremie.kahan/home/Bureau/s5_g7_briand_guy_kahan_martinez/Progression_Jeremie_Kahan/Projet_de_Majeure/moveit_HIL/build/CMakeFiles/CMakeTmp/CheckSymbolExists.c
Linking C executable cmTC_ba743
/usr/bin/cmake -E cmake_link_script CMakeFiles/cmTC_ba743.dir/link.txt --verbose=1
/usr/bin/cc      -rdynamic CMakeFiles/cmTC_ba743.dir/CheckSymbolExists.c.o  -o cmTC_ba743 
CMakeFiles/cmTC_ba743.dir/CheckSymbolExists.c.o : Dans la fonction « main » :
CheckSymbolExists.c:(.text+0x1b) : référence indéfinie vers « pthread_create »
collect2: error: ld returned 1 exit status
CMakeFiles/cmTC_ba743.dir/build.make:97: recipe for target 'cmTC_ba743' failed
make[1]: *** [cmTC_ba743] Error 1
make[1] : on quitte le répertoire « /fs03/share/users/jeremie.kahan/home/Bureau/s5_g7_briand_guy_kahan_martinez/Progression_Jeremie_Kahan/Projet_de_Majeure/moveit_HIL/build/CMakeFiles/CMakeTmp »
Makefile:126: recipe for target 'cmTC_ba743/fast' failed
make: *** [cmTC_ba743/fast] Error 2

File /fs03/share/users/jeremie.kahan/home/Bureau/s5_g7_briand_guy_kahan_martinez/Progression_Jeremie_Kahan/Projet_de_Majeure/moveit_HIL/build/CMakeFiles/CMakeTmp/CheckSymbolExists.c:
/* */
#include <pthread.h>

int main(int argc, char** argv)
{
  (void)argv;
#ifndef pthread_create
  return ((int*)(&pthread_create))[argc];
#else
  (void)argc;
  return 0;
#endif
}

Determining if the function pthread_create exists in the pthreads failed with the following output:
Change Dir: /fs03/share/users/jeremie.kahan/home/Bureau/s5_g7_briand_guy_kahan_martinez/Progression_Jeremie_Kahan/Projet_de_Majeure/moveit_HIL/build/CMakeFiles/CMakeTmp

Run Build Command:"/usr/bin/make" "cmTC_d2ab9/fast"
/usr/bin/make -f CMakeFiles/cmTC_d2ab9.dir/build.make CMakeFiles/cmTC_d2ab9.dir/build
make[1] : on entre dans le répertoire « /fs03/share/users/jeremie.kahan/home/Bureau/s5_g7_briand_guy_kahan_martinez/Progression_Jeremie_Kahan/Projet_de_Majeure/moveit_HIL/build/CMakeFiles/CMakeTmp »
Building C object CMakeFiles/cmTC_d2ab9.dir/CheckFunctionExists.c.o
/usr/bin/cc   -DCHECK_FUNCTION_EXISTS=pthread_create   -o CMakeFiles/cmTC_d2ab9.dir/CheckFunctionExists.c.o   -c /usr/share/cmake-3.10/Modules/CheckFunctionExists.c
Linking C executable cmTC_d2ab9
/usr/bin/cmake -E cmake_link_script CMakeFiles/cmTC_d2ab9.dir/link.txt --verbose=1
/usr/bin/cc  -DCHECK_FUNCTION_EXISTS=pthread_create    -rdynamic CMakeFiles/cmTC_d2ab9.dir/CheckFunctionExists.c.o  -o cmTC_d2ab9 -lpthreads 
/usr/bin/ld : ne peut trouver -lpthreads
collect2: error: ld returned 1 exit status
CMakeFiles/cmTC_d2ab9.dir/build.make:97: recipe for target 'cmTC_d2ab9' failed
make[1]: *** [cmTC_d2ab9] Error 1
make[1] : on quitte le répertoire « /fs03/share/users/jeremie.kahan/home/Bureau/s5_g7_briand_guy_kahan_martinez/Progression_Jeremie_Kahan/Projet_de_Majeure/moveit_HIL/build/CMakeFiles/CMakeTmp »
Makefile:126: recipe for target 'cmTC_d2ab9/fast' failed
make: *** [cmTC_d2ab9/fast] Error 2


